  compiler_2.cpp
e:\code library\visual_studio\compiler_model\compiler_2\compiler_2.cpp(103): warning C4244: “return”: 从“__int64”转换到“int”，可能丢失数据
e:\code library\visual_studio\compiler_model\compiler_2\compiler_2.cpp(105): warning C4267: “return”: 从“size_t”转换到“int”，可能丢失数据
e:\code library\visual_studio\compiler_model\compiler_2\compiler_2.cpp(408): warning C4267: “=”: 从“size_t”转换到“int”，可能丢失数据
e:\code library\visual_studio\compiler_model\compiler_2\compiler_2.cpp(416): warning C4267: “=”: 从“size_t”转换到“int”，可能丢失数据
e:\code library\visual_studio\compiler_model\compiler_2\compiler_2.cpp(419): warning C4267: “参数”: 从“size_t”转换到“int”，可能丢失数据
e:\code library\visual_studio\compiler_model\compiler_2\compiler_2.cpp(423): warning C4267: “参数”: 从“size_t”转换到“int”，可能丢失数据
e:\code library\visual_studio\compiler_model\compiler_2\compiler_2.cpp(428): warning C4267: “=”: 从“size_t”转换到“int”，可能丢失数据
e:\code library\visual_studio\compiler_model\compiler_2\compiler_2.cpp(432): warning C4267: “参数”: 从“size_t”转换到“int”，可能丢失数据
e:\code library\visual_studio\compiler_model\compiler_2\compiler_2.cpp(435): warning C4267: “参数”: 从“size_t”转换到“int”，可能丢失数据
e:\code library\visual_studio\compiler_model\compiler_2\compiler_2.cpp(439): warning C4267: “参数”: 从“size_t”转换到“int”，可能丢失数据
e:\code library\visual_studio\compiler_model\compiler_2\compiler_2.cpp(440): warning C4267: “参数”: 从“size_t”转换到“int”，可能丢失数据
e:\code library\visual_studio\compiler_model\compiler_2\compiler_2.cpp(448): warning C4267: “=”: 从“size_t”转换到“int”，可能丢失数据
e:\code library\visual_studio\compiler_model\compiler_2\compiler_2.cpp(452): warning C4267: “=”: 从“size_t”转换到“int”，可能丢失数据
e:\code library\visual_studio\compiler_model\compiler_2\compiler_2.cpp(460): warning C4267: “参数”: 从“size_t”转换到“int”，可能丢失数据
e:\code library\visual_studio\compiler_model\compiler_2\compiler_2.cpp(467): warning C4267: “=”: 从“size_t”转换到“int”，可能丢失数据
e:\code library\visual_studio\compiler_model\compiler_2\compiler_2.cpp(474): warning C4267: “=”: 从“size_t”转换到“int”，可能丢失数据
e:\code library\visual_studio\compiler_model\compiler_2\compiler_2.cpp(479): warning C4267: “参数”: 从“size_t”转换到“int”，可能丢失数据
e:\code library\visual_studio\compiler_model\compiler_2\compiler_2.cpp(684): warning C4267: “初始化”: 从“size_t”转换到“int”，可能丢失数据
  Compiler_2.vcxproj -> E:\Code library\visual_studio\Compiler_model\x64\Debug\Compiler_2.exe
